{"/Users/AMC/Desktop/hype5/src/index.js": {"path":"/Users/AMC/Desktop/hype5/src/index.js","statementMap":{"0":{"start":{"line":9,"column":14},"end":{"line":25,"column":3}},"1":{"start":{"line":12,"column":3},"end":{"line":18,"column":4}},"2":{"start":{"line":13,"column":4},"end":{"line":13,"column":16}},"3":{"start":{"line":14,"column":10},"end":{"line":18,"column":4}},"4":{"start":{"line":15,"column":4},"end":{"line":15,"column":19}},"5":{"start":{"line":17,"column":4},"end":{"line":17,"column":20}},"6":{"start":{"line":21,"column":2},"end":{"line":24,"column":4}},"7":{"start":{"line":28,"column":1},"end":{"line":28,"column":57}},"8":{"start":{"line":28,"column":31},"end":{"line":28,"column":54}},"9":{"start":{"line":30,"column":1},"end":{"line":30,"column":20}},"10":{"start":{"line":33,"column":25},"end":{"line":33,"column":33}},"11":{"start":{"line":35,"column":23},"end":{"line":74,"column":1}},"12":{"start":{"line":37,"column":17},"end":{"line":37,"column":38}},"13":{"start":{"line":42,"column":1},"end":{"line":52,"column":2}},"14":{"start":{"line":43,"column":2},"end":{"line":49,"column":3}},"15":{"start":{"line":43,"column":27},"end":{"line":43,"column":39}},"16":{"start":{"line":44,"column":3},"end":{"line":48,"column":5}},"17":{"start":{"line":51,"column":2},"end":{"line":51,"column":10}},"18":{"start":{"line":54,"column":17},"end":{"line":63,"column":2}},"19":{"start":{"line":55,"column":2},"end":{"line":62,"column":5}},"20":{"start":{"line":56,"column":3},"end":{"line":61,"column":4}},"21":{"start":{"line":57,"column":14},"end":{"line":57,"column":38}},"22":{"start":{"line":58,"column":4},"end":{"line":58,"column":15}},"23":{"start":{"line":60,"column":4},"end":{"line":60,"column":16}},"24":{"start":{"line":65,"column":1},"end":{"line":71,"column":5}},"25":{"start":{"line":67,"column":3},"end":{"line":67,"column":17}},"26":{"start":{"line":70,"column":3},"end":{"line":70,"column":13}},"27":{"start":{"line":73,"column":1},"end":{"line":73,"column":15}}},"fnMap":{"0":{"name":"runCasper","decl":{"start":{"line":4,"column":15},"end":{"line":4,"column":24}},"loc":{"start":{"line":4,"column":39},"end":{"line":31,"column":1}},"line":4},"1":{"name":"(anonymous_1)","decl":{"start":{"line":9,"column":26},"end":{"line":9,"column":27}},"loc":{"start":{"line":9,"column":47},"end":{"line":25,"column":2}},"line":9},"2":{"name":"puts","decl":{"start":{"line":11,"column":11},"end":{"line":11,"column":15}},"loc":{"start":{"line":11,"column":37},"end":{"line":19,"column":3}},"line":11},"3":{"name":"(anonymous_3)","decl":{"start":{"line":28,"column":17},"end":{"line":28,"column":18}},"loc":{"start":{"line":28,"column":31},"end":{"line":28,"column":54}},"line":28},"4":{"name":"(anonymous_4)","decl":{"start":{"line":33,"column":25},"end":{"line":33,"column":26}},"loc":{"start":{"line":33,"column":31},"end":{"line":33,"column":33}},"line":33},"5":{"name":"(anonymous_5)","decl":{"start":{"line":35,"column":23},"end":{"line":35,"column":24}},"loc":{"start":{"line":35,"column":62},"end":{"line":74,"column":1}},"line":35},"6":{"name":"(anonymous_6)","decl":{"start":{"line":43,"column":20},"end":{"line":43,"column":21}},"loc":{"start":{"line":43,"column":27},"end":{"line":43,"column":39}},"line":43},"7":{"name":"(anonymous_7)","decl":{"start":{"line":54,"column":17},"end":{"line":54,"column":18}},"loc":{"start":{"line":54,"column":23},"end":{"line":63,"column":2}},"line":54},"8":{"name":"(anonymous_8)","decl":{"start":{"line":55,"column":21},"end":{"line":55,"column":22}},"loc":{"start":{"line":55,"column":42},"end":{"line":62,"column":3}},"line":55},"9":{"name":"(anonymous_9)","decl":{"start":{"line":66,"column":8},"end":{"line":66,"column":9}},"loc":{"start":{"line":66,"column":16},"end":{"line":68,"column":3}},"line":66},"10":{"name":"(anonymous_10)","decl":{"start":{"line":69,"column":9},"end":{"line":69,"column":10}},"loc":{"start":{"line":69,"column":16},"end":{"line":71,"column":3}},"line":69}},"branchMap":{"0":{"loc":{"start":{"line":12,"column":3},"end":{"line":18,"column":4}},"type":"if","locations":[{"start":{"line":12,"column":3},"end":{"line":18,"column":4}},{"start":{"line":12,"column":3},"end":{"line":18,"column":4}}],"line":12},"1":{"loc":{"start":{"line":14,"column":10},"end":{"line":18,"column":4}},"type":"if","locations":[{"start":{"line":14,"column":10},"end":{"line":18,"column":4}},{"start":{"line":14,"column":10},"end":{"line":18,"column":4}}],"line":14},"2":{"loc":{"start":{"line":35,"column":36},"end":{"line":35,"column":57}},"type":"default-arg","locations":[{"start":{"line":35,"column":48},"end":{"line":35,"column":57}}],"line":35},"3":{"loc":{"start":{"line":43,"column":2},"end":{"line":49,"column":3}},"type":"if","locations":[{"start":{"line":43,"column":2},"end":{"line":49,"column":3}},{"start":{"line":43,"column":2},"end":{"line":49,"column":3}}],"line":43}},"s":{"0":0,"1":0,"2":0,"3":0,"4":0,"5":0,"6":0,"7":0,"8":0,"9":0,"10":1,"11":1,"12":2,"13":2,"14":2,"15":2,"16":0,"17":0,"18":2,"19":2,"20":2,"21":2,"22":2,"23":0,"24":2,"25":2,"26":0,"27":2},"f":{"0":0,"1":0,"2":0,"3":0,"4":0,"5":2,"6":2,"7":2,"8":2,"9":2,"10":0},"b":{"0":[0,0],"1":[0,0],"2":[0],"3":[0,2]},"_coverageSchema":"332fd63041d2c1bcb487cc26dd0d5f7d97098a6c","hash":"8f533af8db96ea5cd321ed33dda5b65609c675f1"}
}
