{"/Users/AMC/Desktop/hype5/src/index.js": {"path":"/Users/AMC/Desktop/hype5/src/index.js","statementMap":{"0":{"start":{"line":4,"column":16},"end":{"line":38,"column":1}},"1":{"start":{"line":9,"column":14},"end":{"line":32,"column":3}},"2":{"start":{"line":12,"column":3},"end":{"line":18,"column":4}},"3":{"start":{"line":13,"column":4},"end":{"line":13,"column":16}},"4":{"start":{"line":14,"column":10},"end":{"line":18,"column":4}},"5":{"start":{"line":15,"column":4},"end":{"line":15,"column":19}},"6":{"start":{"line":17,"column":4},"end":{"line":17,"column":20}},"7":{"start":{"line":21,"column":2},"end":{"line":31,"column":3}},"8":{"start":{"line":22,"column":3},"end":{"line":25,"column":5}},"9":{"start":{"line":26,"column":9},"end":{"line":31,"column":3}},"10":{"start":{"line":27,"column":3},"end":{"line":27,"column":74}},"11":{"start":{"line":28,"column":9},"end":{"line":31,"column":3}},"12":{"start":{"line":29,"column":12},"end":{"line":29,"column":44}},"13":{"start":{"line":30,"column":3},"end":{"line":30,"column":55}},"14":{"start":{"line":35,"column":1},"end":{"line":35,"column":57}},"15":{"start":{"line":35,"column":31},"end":{"line":35,"column":54}},"16":{"start":{"line":37,"column":1},"end":{"line":37,"column":20}},"17":{"start":{"line":40,"column":19},"end":{"line":81,"column":1}},"18":{"start":{"line":42,"column":17},"end":{"line":42,"column":38}},"19":{"start":{"line":47,"column":1},"end":{"line":59,"column":2}},"20":{"start":{"line":48,"column":2},"end":{"line":56,"column":3}},"21":{"start":{"line":49,"column":3},"end":{"line":55,"column":4}},"22":{"start":{"line":49,"column":28},"end":{"line":49,"column":40}},"23":{"start":{"line":50,"column":4},"end":{"line":54,"column":6}},"24":{"start":{"line":58,"column":2},"end":{"line":58,"column":10}},"25":{"start":{"line":61,"column":17},"end":{"line":70,"column":2}},"26":{"start":{"line":62,"column":2},"end":{"line":69,"column":5}},"27":{"start":{"line":63,"column":3},"end":{"line":68,"column":4}},"28":{"start":{"line":64,"column":14},"end":{"line":64,"column":50}},"29":{"start":{"line":65,"column":4},"end":{"line":65,"column":15}},"30":{"start":{"line":67,"column":4},"end":{"line":67,"column":16}},"31":{"start":{"line":72,"column":1},"end":{"line":78,"column":5}},"32":{"start":{"line":74,"column":3},"end":{"line":74,"column":17}},"33":{"start":{"line":77,"column":3},"end":{"line":77,"column":13}},"34":{"start":{"line":80,"column":1},"end":{"line":80,"column":15}},"35":{"start":{"line":83,"column":25},"end":{"line":122,"column":1}},"36":{"start":{"line":85,"column":17},"end":{"line":85,"column":38}},"37":{"start":{"line":90,"column":1},"end":{"line":100,"column":2}},"38":{"start":{"line":91,"column":2},"end":{"line":97,"column":3}},"39":{"start":{"line":91,"column":27},"end":{"line":91,"column":39}},"40":{"start":{"line":92,"column":3},"end":{"line":96,"column":5}},"41":{"start":{"line":99,"column":2},"end":{"line":99,"column":10}},"42":{"start":{"line":102,"column":17},"end":{"line":111,"column":2}},"43":{"start":{"line":103,"column":2},"end":{"line":110,"column":5}},"44":{"start":{"line":104,"column":3},"end":{"line":109,"column":4}},"45":{"start":{"line":105,"column":14},"end":{"line":105,"column":40}},"46":{"start":{"line":106,"column":4},"end":{"line":106,"column":15}},"47":{"start":{"line":108,"column":4},"end":{"line":108,"column":16}},"48":{"start":{"line":113,"column":1},"end":{"line":119,"column":5}},"49":{"start":{"line":115,"column":3},"end":{"line":115,"column":17}},"50":{"start":{"line":118,"column":3},"end":{"line":118,"column":13}},"51":{"start":{"line":121,"column":1},"end":{"line":121,"column":15}},"52":{"start":{"line":124,"column":23},"end":{"line":163,"column":1}},"53":{"start":{"line":126,"column":17},"end":{"line":126,"column":38}},"54":{"start":{"line":131,"column":1},"end":{"line":141,"column":2}},"55":{"start":{"line":132,"column":2},"end":{"line":138,"column":3}},"56":{"start":{"line":132,"column":27},"end":{"line":132,"column":39}},"57":{"start":{"line":133,"column":3},"end":{"line":137,"column":5}},"58":{"start":{"line":140,"column":2},"end":{"line":140,"column":10}},"59":{"start":{"line":143,"column":17},"end":{"line":152,"column":2}},"60":{"start":{"line":144,"column":2},"end":{"line":151,"column":5}},"61":{"start":{"line":145,"column":3},"end":{"line":150,"column":4}},"62":{"start":{"line":146,"column":14},"end":{"line":146,"column":38}},"63":{"start":{"line":147,"column":4},"end":{"line":147,"column":15}},"64":{"start":{"line":149,"column":4},"end":{"line":149,"column":16}},"65":{"start":{"line":154,"column":1},"end":{"line":160,"column":5}},"66":{"start":{"line":156,"column":3},"end":{"line":156,"column":17}},"67":{"start":{"line":159,"column":3},"end":{"line":159,"column":13}},"68":{"start":{"line":162,"column":1},"end":{"line":162,"column":15}}},"fnMap":{"0":{"name":"(anonymous_0)","decl":{"start":{"line":4,"column":16},"end":{"line":4,"column":17}},"loc":{"start":{"line":4,"column":45},"end":{"line":38,"column":1}},"line":4},"1":{"name":"(anonymous_1)","decl":{"start":{"line":9,"column":26},"end":{"line":9,"column":27}},"loc":{"start":{"line":9,"column":47},"end":{"line":32,"column":2}},"line":9},"2":{"name":"puts","decl":{"start":{"line":11,"column":11},"end":{"line":11,"column":15}},"loc":{"start":{"line":11,"column":37},"end":{"line":19,"column":3}},"line":11},"3":{"name":"(anonymous_3)","decl":{"start":{"line":35,"column":17},"end":{"line":35,"column":18}},"loc":{"start":{"line":35,"column":31},"end":{"line":35,"column":54}},"line":35},"4":{"name":"(anonymous_4)","decl":{"start":{"line":40,"column":19},"end":{"line":40,"column":20}},"loc":{"start":{"line":40,"column":58},"end":{"line":81,"column":1}},"line":40},"5":{"name":"(anonymous_5)","decl":{"start":{"line":49,"column":21},"end":{"line":49,"column":22}},"loc":{"start":{"line":49,"column":28},"end":{"line":49,"column":40}},"line":49},"6":{"name":"(anonymous_6)","decl":{"start":{"line":61,"column":17},"end":{"line":61,"column":18}},"loc":{"start":{"line":61,"column":23},"end":{"line":70,"column":2}},"line":61},"7":{"name":"(anonymous_7)","decl":{"start":{"line":62,"column":21},"end":{"line":62,"column":22}},"loc":{"start":{"line":62,"column":42},"end":{"line":69,"column":3}},"line":62},"8":{"name":"(anonymous_8)","decl":{"start":{"line":73,"column":8},"end":{"line":73,"column":9}},"loc":{"start":{"line":73,"column":16},"end":{"line":75,"column":3}},"line":73},"9":{"name":"(anonymous_9)","decl":{"start":{"line":76,"column":9},"end":{"line":76,"column":10}},"loc":{"start":{"line":76,"column":16},"end":{"line":78,"column":3}},"line":76},"10":{"name":"(anonymous_10)","decl":{"start":{"line":83,"column":25},"end":{"line":83,"column":26}},"loc":{"start":{"line":83,"column":64},"end":{"line":122,"column":1}},"line":83},"11":{"name":"(anonymous_11)","decl":{"start":{"line":91,"column":20},"end":{"line":91,"column":21}},"loc":{"start":{"line":91,"column":27},"end":{"line":91,"column":39}},"line":91},"12":{"name":"(anonymous_12)","decl":{"start":{"line":102,"column":17},"end":{"line":102,"column":18}},"loc":{"start":{"line":102,"column":23},"end":{"line":111,"column":2}},"line":102},"13":{"name":"(anonymous_13)","decl":{"start":{"line":103,"column":21},"end":{"line":103,"column":22}},"loc":{"start":{"line":103,"column":42},"end":{"line":110,"column":3}},"line":103},"14":{"name":"(anonymous_14)","decl":{"start":{"line":114,"column":8},"end":{"line":114,"column":9}},"loc":{"start":{"line":114,"column":16},"end":{"line":116,"column":3}},"line":114},"15":{"name":"(anonymous_15)","decl":{"start":{"line":117,"column":9},"end":{"line":117,"column":10}},"loc":{"start":{"line":117,"column":16},"end":{"line":119,"column":3}},"line":117},"16":{"name":"(anonymous_16)","decl":{"start":{"line":124,"column":23},"end":{"line":124,"column":24}},"loc":{"start":{"line":124,"column":62},"end":{"line":163,"column":1}},"line":124},"17":{"name":"(anonymous_17)","decl":{"start":{"line":132,"column":20},"end":{"line":132,"column":21}},"loc":{"start":{"line":132,"column":27},"end":{"line":132,"column":39}},"line":132},"18":{"name":"(anonymous_18)","decl":{"start":{"line":143,"column":17},"end":{"line":143,"column":18}},"loc":{"start":{"line":143,"column":23},"end":{"line":152,"column":2}},"line":143},"19":{"name":"(anonymous_19)","decl":{"start":{"line":144,"column":21},"end":{"line":144,"column":22}},"loc":{"start":{"line":144,"column":42},"end":{"line":151,"column":3}},"line":144},"20":{"name":"(anonymous_20)","decl":{"start":{"line":155,"column":8},"end":{"line":155,"column":9}},"loc":{"start":{"line":155,"column":16},"end":{"line":157,"column":3}},"line":155},"21":{"name":"(anonymous_21)","decl":{"start":{"line":158,"column":9},"end":{"line":158,"column":10}},"loc":{"start":{"line":158,"column":16},"end":{"line":160,"column":3}},"line":158}},"branchMap":{"0":{"loc":{"start":{"line":12,"column":3},"end":{"line":18,"column":4}},"type":"if","locations":[{"start":{"line":12,"column":3},"end":{"line":18,"column":4}},{"start":{"line":12,"column":3},"end":{"line":18,"column":4}}],"line":12},"1":{"loc":{"start":{"line":14,"column":10},"end":{"line":18,"column":4}},"type":"if","locations":[{"start":{"line":14,"column":10},"end":{"line":18,"column":4}},{"start":{"line":14,"column":10},"end":{"line":18,"column":4}}],"line":14},"2":{"loc":{"start":{"line":21,"column":2},"end":{"line":31,"column":3}},"type":"if","locations":[{"start":{"line":21,"column":2},"end":{"line":31,"column":3}},{"start":{"line":21,"column":2},"end":{"line":31,"column":3}}],"line":21},"3":{"loc":{"start":{"line":21,"column":6},"end":{"line":21,"column":20}},"type":"binary-expr","locations":[{"start":{"line":21,"column":6},"end":{"line":21,"column":10}},{"start":{"line":21,"column":14},"end":{"line":21,"column":20}}],"line":21},"4":{"loc":{"start":{"line":26,"column":9},"end":{"line":31,"column":3}},"type":"if","locations":[{"start":{"line":26,"column":9},"end":{"line":31,"column":3}},{"start":{"line":26,"column":9},"end":{"line":31,"column":3}}],"line":26},"5":{"loc":{"start":{"line":28,"column":9},"end":{"line":31,"column":3}},"type":"if","locations":[{"start":{"line":28,"column":9},"end":{"line":31,"column":3}},{"start":{"line":28,"column":9},"end":{"line":31,"column":3}}],"line":28},"6":{"loc":{"start":{"line":40,"column":32},"end":{"line":40,"column":53}},"type":"default-arg","locations":[{"start":{"line":40,"column":44},"end":{"line":40,"column":53}}],"line":40},"7":{"loc":{"start":{"line":48,"column":2},"end":{"line":56,"column":3}},"type":"if","locations":[{"start":{"line":48,"column":2},"end":{"line":56,"column":3}},{"start":{"line":48,"column":2},"end":{"line":56,"column":3}}],"line":48},"8":{"loc":{"start":{"line":49,"column":3},"end":{"line":55,"column":4}},"type":"if","locations":[{"start":{"line":49,"column":3},"end":{"line":55,"column":4}},{"start":{"line":49,"column":3},"end":{"line":55,"column":4}}],"line":49},"9":{"loc":{"start":{"line":64,"column":14},"end":{"line":64,"column":50}},"type":"cond-expr","locations":[{"start":{"line":64,"column":21},"end":{"line":64,"column":36}},{"start":{"line":64,"column":39},"end":{"line":64,"column":50}}],"line":64},"10":{"loc":{"start":{"line":83,"column":38},"end":{"line":83,"column":59}},"type":"default-arg","locations":[{"start":{"line":83,"column":50},"end":{"line":83,"column":59}}],"line":83},"11":{"loc":{"start":{"line":91,"column":2},"end":{"line":97,"column":3}},"type":"if","locations":[{"start":{"line":91,"column":2},"end":{"line":97,"column":3}},{"start":{"line":91,"column":2},"end":{"line":97,"column":3}}],"line":91},"12":{"loc":{"start":{"line":124,"column":36},"end":{"line":124,"column":57}},"type":"default-arg","locations":[{"start":{"line":124,"column":48},"end":{"line":124,"column":57}}],"line":124},"13":{"loc":{"start":{"line":132,"column":2},"end":{"line":138,"column":3}},"type":"if","locations":[{"start":{"line":132,"column":2},"end":{"line":138,"column":3}},{"start":{"line":132,"column":2},"end":{"line":138,"column":3}}],"line":132}},"s":{"0":1,"1":0,"2":0,"3":0,"4":0,"5":0,"6":0,"7":0,"8":0,"9":0,"10":0,"11":0,"12":0,"13":0,"14":0,"15":0,"16":0,"17":1,"18":5,"19":5,"20":5,"21":4,"22":7,"23":1,"24":1,"25":4,"26":4,"27":4,"28":4,"29":4,"30":0,"31":4,"32":4,"33":0,"34":4,"35":1,"36":5,"37":5,"38":5,"39":6,"40":1,"41":1,"42":4,"43":4,"44":4,"45":4,"46":4,"47":0,"48":4,"49":4,"50":0,"51":4,"52":1,"53":5,"54":5,"55":5,"56":6,"57":1,"58":1,"59":4,"60":4,"61":4,"62":4,"63":4,"64":0,"65":4,"66":4,"67":0,"68":4},"f":{"0":0,"1":0,"2":0,"3":0,"4":5,"5":7,"6":4,"7":4,"8":4,"9":0,"10":5,"11":6,"12":4,"13":4,"14":4,"15":0,"16":5,"17":6,"18":4,"19":4,"20":4,"21":0},"b":{"0":[0,0],"1":[0,0],"2":[0,0],"3":[0,0],"4":[0,0],"5":[0,0],"6":[1],"7":[4,1],"8":[1,3],"9":[3,1],"10":[1],"11":[1,4],"12":[1],"13":[1,4]},"_coverageSchema":"332fd63041d2c1bcb487cc26dd0d5f7d97098a6c","hash":"89c943546474ad2a436745c84ba9b5f85f7174fb"}
}
