TN:
SF:/Users/AMC/Desktop/hype5/src/index.js
FN:4,(anonymous_0)
FN:9,(anonymous_1)
FN:11,puts
FN:35,(anonymous_3)
FN:40,(anonymous_4)
FN:49,(anonymous_5)
FN:61,(anonymous_6)
FN:62,(anonymous_7)
FN:73,(anonymous_8)
FN:76,(anonymous_9)
FN:83,(anonymous_10)
FN:91,(anonymous_11)
FN:102,(anonymous_12)
FN:103,(anonymous_13)
FN:114,(anonymous_14)
FN:117,(anonymous_15)
FN:124,(anonymous_16)
FN:132,(anonymous_17)
FN:143,(anonymous_18)
FN:144,(anonymous_19)
FN:155,(anonymous_20)
FN:158,(anonymous_21)
FNF:22
FNH:15
FNDA:0,(anonymous_0)
FNDA:0,(anonymous_1)
FNDA:0,puts
FNDA:0,(anonymous_3)
FNDA:5,(anonymous_4)
FNDA:7,(anonymous_5)
FNDA:4,(anonymous_6)
FNDA:4,(anonymous_7)
FNDA:4,(anonymous_8)
FNDA:0,(anonymous_9)
FNDA:5,(anonymous_10)
FNDA:6,(anonymous_11)
FNDA:4,(anonymous_12)
FNDA:4,(anonymous_13)
FNDA:4,(anonymous_14)
FNDA:0,(anonymous_15)
FNDA:5,(anonymous_16)
FNDA:6,(anonymous_17)
FNDA:4,(anonymous_18)
FNDA:4,(anonymous_19)
FNDA:4,(anonymous_20)
FNDA:0,(anonymous_21)
DA:4,1
DA:9,0
DA:12,0
DA:13,0
DA:14,0
DA:15,0
DA:17,0
DA:21,0
DA:22,0
DA:26,0
DA:27,0
DA:28,0
DA:29,0
DA:30,0
DA:35,0
DA:37,0
DA:40,1
DA:42,5
DA:47,5
DA:48,5
DA:49,7
DA:50,1
DA:58,1
DA:61,4
DA:62,4
DA:63,4
DA:64,4
DA:65,4
DA:67,0
DA:72,4
DA:74,4
DA:77,0
DA:80,4
DA:83,1
DA:85,5
DA:90,5
DA:91,6
DA:92,1
DA:99,1
DA:102,4
DA:103,4
DA:104,4
DA:105,4
DA:106,4
DA:108,0
DA:113,4
DA:115,4
DA:118,0
DA:121,4
DA:124,1
DA:126,5
DA:131,5
DA:132,6
DA:133,1
DA:140,1
DA:143,4
DA:144,4
DA:145,4
DA:146,4
DA:147,4
DA:149,0
DA:154,4
DA:156,4
DA:159,0
DA:162,4
LF:65
LH:44
BRDA:12,0,0,0
BRDA:12,0,1,0
BRDA:14,1,0,0
BRDA:14,1,1,0
BRDA:21,2,0,0
BRDA:21,2,1,0
BRDA:21,3,0,0
BRDA:21,3,1,0
BRDA:26,4,0,0
BRDA:26,4,1,0
BRDA:28,5,0,0
BRDA:28,5,1,0
BRDA:40,6,0,1
BRDA:48,7,0,4
BRDA:48,7,1,1
BRDA:49,8,0,1
BRDA:49,8,1,3
BRDA:64,9,0,3
BRDA:64,9,1,1
BRDA:83,10,0,1
BRDA:91,11,0,1
BRDA:91,11,1,4
BRDA:124,12,0,1
BRDA:132,13,0,1
BRDA:132,13,1,4
BRF:25
BRH:13
end_of_record
